17:25:35,645 INFO  ~ Starting d:\tartodream\TarToDream\tartodream
17:25:35,997 WARN  ~ You're running Play! in DEV mode
17:25:36,072 INFO  ~ Listening for HTTP on port 9000 (Waiting a first request to start) ...
17:25:51,530 INFO  ~ Connected to jdbc:h2:mem:play;MODE=MYSQL
17:25:52,024 WARN  ~ Messages file missing for locale ru
17:25:52,025 INFO  ~ Application 'tartodream' is now started !
17:28:28,660 ERROR ~ 

@756i27ddc
Internal Server Error (500) for request GET /application/register

No route found (In /app/views/Application/register.html around line 21)
No route able to invoke action Application.saveUser was found.

play.exceptions.NoRouteFoundException: No route found
	at play.templates.BaseTemplate.throwException(BaseTemplate.java:82)
	at play.templates.GroovyTemplate.internalRender(GroovyTemplate.java:257)
	at play.templates.Template.render(Template.java:26)
	at play.templates.GroovyTemplate.render(GroovyTemplate.java:202)
	at play.mvc.results.RenderTemplate.<init>(RenderTemplate.java:24)
	at play.mvc.Controller.renderTemplate(Controller.java:662)
	at play.mvc.Controller.renderTemplate(Controller.java:642)
	at play.mvc.Controller.render(Controller.java:699)
	at controllers.Application.register(Application.java:42)
	at play.mvc.ActionInvoker.invokeWithContinuation(ActionInvoker.java:557)
	at play.mvc.ActionInvoker.invoke(ActionInvoker.java:508)
	at play.mvc.ActionInvoker.invokeControllerMethod(ActionInvoker.java:484)
	at play.mvc.ActionInvoker.invokeControllerMethod(ActionInvoker.java:479)
	at play.mvc.ActionInvoker.invoke(ActionInvoker.java:161)
	at Invocation.HTTP Request(Play!)
17:29:40,238 WARN  ~ Messages file missing for locale ru
17:38:23,347 WARN  ~ Messages file missing for locale ru
